<?xml version="1.0" encoding="UTF-8"?>
<testng-results skipped="0" failed="0" ignored="0" total="0" passed="0">
  <reporter-output>
  </reporter-output>
  <suite name="Parallel" duration-ms="5" started-at="2022-04-05T13:09:24 EEST" finished-at="2022-04-05T13:09:24 EEST">
    <groups>
    </groups>
    <test name="LocalChromeTest" duration-ms="5" started-at="2022-04-05T13:09:24 EEST" finished-at="2022-04-05T13:09:24 EEST">
    </test> <!-- LocalChromeTest -->
  </suite> <!-- Parallel -->
</testng-results>
